r tr_p tr_seed    la     w1(1)     w1(2) ls  c2    sdm iout iter     w*(1)     w*(2)        L* tr_acc te_acc   te_q te_seed
 1  500 1234566 0.000 +0.00e+00 +0.00e+00  1 0.5     GM    0  756 -9.35e+01 +7.61e+01 5.771e-06  100.0  100.0  50000 7891016 
 1  500 1234566 0.000 +0.00e+00 +0.00e+00  2 0.5     GM    0  186 -9.37e+01 +7.62e+01 5.555e-06  100.0  100.0  50000 7891016 
 1  500 1234566 0.000 +0.00e+00 +0.00e+00  1 0.5 CGM-FR    0  534 -9.39e+01 +7.64e+01 5.372e-06  100.0  100.0  50000 7891016 
 1  500 1234566 0.000 +0.00e+00 +0.00e+00  2 0.5 CGM-FR    0  401 -9.30e+01 +7.56e+01 6.436e-06  100.0  100.0  50000 7891016 
 1  500 1234566 0.000 +0.00e+00 +0.00e+00  1 0.5 CGM-PR    0  347 -9.35e+01 +7.60e+01 5.837e-06  100.0  100.0  50000 7891016 
 1  500 1234566 0.000 +0.00e+00 +0.00e+00  2 0.5 CGM-PR    0  236 -9.30e+01 +7.57e+01 6.322e-06  100.0  100.0  50000 7891016 
 1  500 1234566 0.000 +0.00e+00 +0.00e+00  1 0.5   BFGS    2    3 -5.36e+00 +2.48e+00 6.888e+01   74.8   74.9  50000 7891016 
 1  500 1234566 0.000 +0.00e+00 +0.00e+00  2 0.5   BFGS    0    6 -9.95e+03 +7.70e+03 0.000e+00  100.0  100.0  50000 7891016 
 1  500 1234566 0.000 +0.00e+00 +0.00e+00  1 0.5    DFP    2    3 -5.35e+00 +2.48e+00 6.888e+01   74.8   74.9  50000 7891016 
 1  500 1234566 0.000 +0.00e+00 +0.00e+00  2 0.5    DFP    0    6 -1.08e+03 +8.57e+02 4.143e-97  100.0  100.0  50000 7891016 
 

r tr_p tr_seed    la     w1(1)     w1(2) ls  c2    sdm iout iter     w*(1)     w*(2)        L* tr_acc te_acc   te_q te_seed
 1  500 1234566 0.100 +0.00e+00 +0.00e+00  1 0.5     GM    0  471 -1.36e+01 +1.09e+01 2.930e+01  100.0  100.0  50000 7891016 
 1  500 1234566 0.100 +0.00e+00 +0.00e+00  2 0.5     GM    1 15001 -1.36e+01 +1.09e+01 2.930e+01  100.0  100.0  50000 7891016 
 1  500 1234566 0.100 +0.00e+00 +0.00e+00  1 0.5 CGM-FR    0  289 -1.36e+01 +1.09e+01 2.930e+01  100.0  100.0  50000 7891016 
 1  500 1234566 0.100 +0.00e+00 +0.00e+00  1 0.5 CGM-PR    2  177 -1.36e+01 +1.09e+01 2.930e+01  100.0  100.0  50000 7891016 
 1  500 1234566 0.100 +0.00e+00 +0.00e+00  1 0.5   BFGS    2    3 -5.16e+00 +2.19e+00 7.416e+01   74.8   74.9  50000 7891016 
 1  500 1234566 0.100 +0.00e+00 +0.00e+00  1 0.5    DFP    2    3 -5.15e+00 +2.18e+00 7.416e+01   74.8   74.9  50000 7891016 
 1  500 1234566 0.100 +0.00e+00 +0.00e+00  2 0.5    DFP    0    8 -1.36e+01 +1.09e+01 2.930e+01  100.0  100.0  50000 7891016 
 

r tr_p tr_seed    la     w1(1)     w1(2) ls  c2    sdm iout iter     w*(1)     w*(2)        L* tr_acc te_acc   te_q te_seed
 2  500 1234566 0.000 +0.00e+00 +0.00e+00  1 0.5     GM    0   13 -4.40e-03 -4.40e-03 1.250e+02   50.4   49.9  50000 7891016 
 2  500 1234566 0.000 +0.00e+00 +0.00e+00  2 0.5     GM    0    3 +5.59e+02 +5.59e+02 2.520e+02   49.6   50.1  50000 7891016 
 2  500 1234566 0.000 +0.00e+00 +0.00e+00  1 0.5 CGM-FR    0   15 -4.40e-03 -4.40e-03 1.250e+02   50.4   49.9  50000 7891016 
 2  500 1234566 0.000 +0.00e+00 +0.00e+00  2 0.5 CGM-FR    0    3 +5.59e+02 +5.59e+02 2.520e+02   49.6   50.1  50000 7891016 
 2  500 1234566 0.000 +0.00e+00 +0.00e+00  1 0.5 CGM-PR    2    5 -4.40e-03 -4.40e-03 1.250e+02   50.4   49.9  50000 7891016 
 2  500 1234566 0.000 +0.00e+00 +0.00e+00  2 0.5 CGM-PR    0    3 +5.59e+02 +5.59e+02 2.520e+02   49.6   50.1  50000 7891016 
 2  500 1234566 0.000 +0.00e+00 +0.00e+00  1 0.5   BFGS    0    8 -4.40e-03 -4.40e-03 1.250e+02   50.4   49.9  50000 7891016 
 2  500 1234566 0.000 +0.00e+00 +0.00e+00  2 0.5   BFGS    0    3 +5.59e+02 +5.59e+02 2.520e+02   49.6   50.1  50000 7891016 
 2  500 1234566 0.000 +0.00e+00 +0.00e+00  1 0.5    DFP    0    8 -4.40e-03 -4.40e-03 1.250e+02   50.4   49.9  50000 7891016 
 2  500 1234566 0.000 +0.00e+00 +0.00e+00  2 0.5    DFP    0    3 +5.59e+02 +5.59e+02 2.520e+02   49.6   50.1  50000 7891016 
 

 r tr_p tr_seed    la     w1(1)     w1(2) ls  c2    sdm iout iter     w*(1)     w*(2)        L* tr_acc te_acc   te_q te_seed 
 2  500 1234566 0.100 +0.00e+00 +0.00e+00  1 0.5     GM    1 15001 -4.39e-03 -4.39e-03 1.250e+02   50.4   49.9  50000 7891016 
 2  500 1234566 0.100 +0.00e+00 +0.00e+00  2 0.5     GM    0    3 -4.39e-03 -4.39e-03 1.250e+02   50.4   49.9  50000 7891016 
 2  500 1234566 0.100 +0.00e+00 +0.00e+00  1 0.5 CGM-FR    0   71 -4.39e-03 -4.39e-03 1.250e+02   50.4   49.9  50000 7891016 
 2  500 1234566 0.100 +0.00e+00 +0.00e+00  2 0.5 CGM-FR    0    3 -4.39e-03 -4.39e-03 1.250e+02   50.4   49.9  50000 7891016 
 2  500 1234566 0.100 +0.00e+00 +0.00e+00  1 0.5 CGM-PR    2    5 -4.39e-03 -4.39e-03 1.250e+02   50.4   49.9  50000 7891016 
 2  500 1234566 0.100 +0.00e+00 +0.00e+00  2 0.5 CGM-PR    0    3 -4.39e-03 -4.39e-03 1.250e+02   50.4   49.9  50000 7891016 
 2  500 1234566 0.100 +0.00e+00 +0.00e+00  1 0.5   BFGS    0    9 -4.39e-03 -4.39e-03 1.250e+02   50.4   49.9  50000 7891016 
 2  500 1234566 0.100 +0.00e+00 +0.00e+00  2 0.5   BFGS    0    3 -4.39e-03 -4.39e-03 1.250e+02   50.4   49.9  50000 7891016 
 2  500 1234566 0.100 +0.00e+00 +0.00e+00  1 0.5    DFP    0    9 -4.39e-03 -4.39e-03 1.250e+02   50.4   49.9  50000 7891016 
 2  500 1234566 0.100 +0.00e+00 +0.00e+00  2 0.5    DFP    0    3 -4.39e-03 -4.39e-03 1.250e+02   50.4   49.9  50000 7891016 



 r tr_p tr_seed    la     w1(1)     w1(2)     w1(3) ls  c2    sdm iout iter     w*(1)     w*(2)     w*(3)        L* tr_acc te_acc   te_q te_seed
21  500 1234566 0.000 +0.00e+00 +0.00e+00 +0.00e+00  1 0.5     GM    0  424 -2.73e+01 -2.74e+01 +6.72e+01 3.602e-06  100.0  100.0  50000 7891016 
21  500 1234566 0.000 +0.00e+00 +0.00e+00 +0.00e+00  2 0.5     GM    0  237 -2.74e+01 -2.74e+01 +6.73e+01 3.529e-06  100.0  100.0  50000 7891016 
21  500 1234566 0.000 +0.00e+00 +0.00e+00 +0.00e+00  1 0.5 CGM-FR    0  167 -2.72e+01 -2.73e+01 +6.70e+01 3.880e-06  100.0  100.0  50000 7891016 
21  500 1234566 0.000 +0.00e+00 +0.00e+00 +0.00e+00  2 0.5 CGM-FR    0  133 -2.73e+01 -2.73e+01 +6.71e+01 3.752e-06  100.0  100.0  50000 7891016 
21  500 1234566 0.000 +0.00e+00 +0.00e+00 +0.00e+00  1 0.5 CGM-PR    2  194 -2.61e+01 -2.62e+01 +6.45e+01 7.905e-06  100.0  100.0  50000 7891016 
21  500 1234566 0.000 +0.00e+00 +0.00e+00 +0.00e+00  2 0.5 CGM-PR    0  131 -2.71e+01 -2.72e+01 +6.67e+01 4.109e-06  100.0  100.0  50000 7891016 
21  500 1234566 0.000 +0.00e+00 +0.00e+00 +0.00e+00  1 0.5   BFGS    0   14 -4.13e+01 -4.07e+01 +1.00e+02 4.619e-10  100.0  100.0  50000 7891016 
21  500 1234566 0.000 +0.00e+00 +0.00e+00 +0.00e+00  2 0.5   BFGS    0   10 -3.92e+01 -3.27e+01 +8.77e+01 5.716e-08  100.0  100.0  50000 7891016 
21  500 1234566 0.000 +0.00e+00 +0.00e+00 +0.00e+00  1 0.5    DFP    0   22 -3.63e+02 -1.97e+02 +7.37e+02 3.923e-36  100.0  100.0  50000 7891016 
21  500 1234566 0.000 +0.00e+00 +0.00e+00 +0.00e+00  2 0.5    DFP    0   10 -3.92e+01 -3.26e+01 +8.74e+01 6.285e-08  100.0  100.0  50000 7891016 


 r tr_p tr_seed    la     w1(1)     w1(2)     w1(3) ls  c2    sdm iout iter     w*(1)     w*(2)     w*(3)        L* tr_acc te_acc   te_q te_seed
21  500 1234566 0.100 +0.00e+00 +0.00e+00 +0.00e+00  1 0.5     GM    0  248 -5.36e+00 -5.43e+00 +1.31e+01 1.894e+01  100.0  100.0  50000 7891016 
21  500 1234566 0.100 +0.00e+00 +0.00e+00 +0.00e+00  2 0.5     GM    0  216 -5.36e+00 -5.43e+00 +1.31e+01 1.894e+01  100.0  100.0  50000 7891016 
21  500 1234566 0.100 +0.00e+00 +0.00e+00 +0.00e+00  1 0.5 CGM-FR    0  148 -5.36e+00 -5.43e+00 +1.31e+01 1.894e+01  100.0  100.0  50000 7891016 
21  500 1234566 0.100 +0.00e+00 +0.00e+00 +0.00e+00  2 0.5 CGM-FR    0   53 -5.36e+00 -5.43e+00 +1.31e+01 1.894e+01  100.0  100.0  50000 7891016 
21  500 1234566 0.100 +0.00e+00 +0.00e+00 +0.00e+00  1 0.5 CGM-PR    0   82 -5.36e+00 -5.43e+00 +1.31e+01 1.894e+01  100.0  100.0  50000 7891016 
21  500 1234566 0.100 +0.00e+00 +0.00e+00 +0.00e+00  2 0.5 CGM-PR    0  199 -5.36e+00 -5.43e+00 +1.31e+01 1.894e+01  100.0  100.0  50000 7891016 
21  500 1234566 0.100 +0.00e+00 +0.00e+00 +0.00e+00  1 0.5   BFGS    0   17 -5.36e+00 -5.43e+00 +1.31e+01 1.894e+01  100.0  100.0  50000 7891016 
21  500 1234566 0.100 +0.00e+00 +0.00e+00 +0.00e+00  2 0.5   BFGS    0   10 -5.36e+00 -5.43e+00 +1.31e+01 1.894e+01  100.0  100.0  50000 7891016 
21  500 1234566 0.100 +0.00e+00 +0.00e+00 +0.00e+00  1 0.5    DFP    0   16 -5.36e+00 -5.43e+00 +1.31e+01 1.894e+01  100.0  100.0  50000 7891016 
21  500 1234566 0.100 +0.00e+00 +0.00e+00 +0.00e+00  2 0.5    DFP    0   10 -5.36e+00 -5.43e+00 +1.31e+01 1.894e+01  100.0  100.0  50000 7891016 
 



r tr_p tr_seed    la     w1(1)     w1(2) ls  c2    sdm iout iter     w*(1)     w*(2)        L* tr_acc te_acc   te_q te_seed
 3  500 1234566 0.000 +0.00e+00 +0.00e+00  1 0.5     GM    0   40 -1.16e+00 -8.38e-02 1.146e+02   71.8   68.5  50000 7891016 
 3  500 1234566 0.000 +0.00e+00 +0.00e+00  1 0.5 CGM-FR    1 15001 -1.16e+00 -8.38e-02 1.146e+02   71.8   68.5  50000 7891016 
 3  500 1234566 0.000 +0.00e+00 +0.00e+00  1 0.5 CGM-PR    2    3 -6.38e-01 -4.15e-01 1.151e+02   71.8   68.5  50000 7891016 
 3  500 1234566 0.000 +0.00e+00 +0.00e+00  2 0.5 CGM-PR    2   27 -1.16e+00 -8.38e-02 1.146e+02   71.8   68.5  50000 7891016 
 3  500 1234566 0.000 +0.00e+00 +0.00e+00  1 0.5   BFGS    0   12 -1.16e+00 -8.38e-02 1.146e+02   71.8   68.5  50000 7891016 
 3  500 1234566 0.000 +0.00e+00 +0.00e+00  2 0.5   BFGS    0    5 -1.16e+00 -8.38e-02 1.146e+02   71.8   68.5  50000 7891016 
 3  500 1234566 0.000 +0.00e+00 +0.00e+00  1 0.5    DFP    0   14 -1.16e+00 -8.38e-02 1.146e+02   71.8   68.5  50000 7891016 
 3  500 1234566 0.000 +0.00e+00 +0.00e+00  2 0.5    DFP    0    5 -1.16e+00 -8.38e-02 1.146e+02   71.8   68.5  50000 7891016 
 3  500 1234566 0.100 +0.00e+00 +0.00e+00  1 0.5     GM    0   36 -1.13e+00 -1.15e-01 1.147e+02   71.8   68.5  50000 7891016 
 3  500 1234566 0.100 +0.00e+00 +0.00e+00  1 0.5 CGM-FR    0   26 -1.13e+00 -1.15e-01 1.147e+02   71.8   68.5  50000 7891016 
 3  500 1234566 0.100 +0.00e+00 +0.00e+00  1 0.5 CGM-PR    2    3 -6.55e-01 -4.39e-01 1.150e+02   71.8   68.5  50000 7891016 
 3  500 1234566 0.100 +0.00e+00 +0.00e+00  1 0.5   BFGS    0   15 -1.13e+00 -1.15e-01 1.147e+02   71.8   68.5  50000 7891016 
 3  500 1234566 0.100 +0.00e+00 +0.00e+00  2 0.5   BFGS    0    5 -1.13e+00 -1.15e-01 1.147e+02   71.8   68.5  50000 7891016 
 3  500 1234566 0.100 +0.00e+00 +0.00e+00  1 0.5    DFP    0   11 -1.13e+00 -1.15e-01 1.147e+02   71.8   68.5  50000 7891016 
 3  500 1234566 0.100 +0.00e+00 +0.00e+00  2 0.5    DFP    0    5 -1.13e+00 -1.15e-01 1.147e+02   71.8   68.5  50000 7891016 



 r tr_p tr_seed    la     w1(1)     w1(2)     w1(3) ls  c2    sdm iout iter     w*(1)     w*(2)     w*(3)        L* tr_acc te_acc   te_q te_seed
32  500 1234566 0.000 +0.00e+00 +0.00e+00 +0.00e+00  1 0.5     GM    0 4132 -9.20e+01 -9.23e+01 +1.67e+02 9.852e-06  100.0  100.0  50000 7891016 
32  500 1234566 0.000 +0.00e+00 +0.00e+00 +0.00e+00  2 0.5     GM    0    2 -1.57e+01 -1.73e+01 -7.40e+00 1.430e+02   71.4   68.6  50000 7891016 
32  500 1234566 0.000 +0.00e+00 +0.00e+00 +0.00e+00  1 0.5 CGM-FR    0 2065 -9.20e+01 -9.23e+01 +1.67e+02 9.854e-06  100.0  100.0  50000 7891016 
32  500 1234566 0.000 +0.00e+00 +0.00e+00 +0.00e+00  2 0.5 CGM-FR    0    2 -1.57e+01 -1.73e+01 -7.40e+00 1.430e+02   71.4   68.6  50000 7891016 
32  500 1234566 0.000 +0.00e+00 +0.00e+00 +0.00e+00  1 0.5 CGM-PR    2    2 -9.79e-01 -1.08e+00 -4.63e-01 1.246e+02   71.4   68.6  50000 7891016 
32  500 1234566 0.000 +0.00e+00 +0.00e+00 +0.00e+00  2 0.5 CGM-PR    0    2 -1.57e+01 -1.73e+01 -7.40e+00 1.430e+02   71.4   68.6  50000 7891016 
32  500 1234566 0.000 +0.00e+00 +0.00e+00 +0.00e+00  1 0.5   BFGS    2    3 -1.00e+00 -1.13e+00 -3.72e-01 1.239e+02   71.4   68.6  50000 7891016 
32  500 1234566 0.000 +0.00e+00 +0.00e+00 +0.00e+00  2 0.5   BFGS    0    2 -1.57e+01 -1.73e+01 -7.40e+00 1.430e+02   71.4   68.6  50000 7891016 
32  500 1234566 0.000 +0.00e+00 +0.00e+00 +0.00e+00  1 0.5    DFP    2    3 -1.00e+00 -1.12e+00 -3.73e-01 1.239e+02   71.4   68.6  50000 7891016 
32  500 1234566 0.000 +0.00e+00 +0.00e+00 +0.00e+00  2 0.5    DFP    0    2 -1.57e+01 -1.73e+01 -7.40e+00 1.430e+02   71.4   68.6  50000 7891016 


r tr_p tr_seed    la     w1(1)     w1(2)     w1(3) ls  c2    sdm iout iter     w*(1)     w*(2)     w*(3)        L* tr_acc te_acc   te_q te_seed
32  500 1234566 0.100 +0.00e+00 +0.00e+00 +0.00e+00  1 0.5     GM    0 1467 -8.49e+00 -9.03e+00 +1.58e+01 5.217e+01  100.0  100.0  50000 7891016 
32  500 1234566 0.100 +0.00e+00 +0.00e+00 +0.00e+00  1 0.5 CGM-FR    1 15001 -8.49e+00 -9.03e+00 +1.58e+01 5.217e+01  100.0  100.0  50000 7891016 
32  500 1234566 0.100 +0.00e+00 +0.00e+00 +0.00e+00  2 0.5 CGM-FR    2   38 -8.49e+00 -9.03e+00 +1.58e+01 5.217e+01  100.0  100.0  50000 7891016 
32  500 1234566 0.100 +0.00e+00 +0.00e+00 +0.00e+00  1 0.5 CGM-PR    2    2 -9.79e-01 -1.08e+00 -4.63e-01 1.248e+02   71.4   68.6  50000 7891016 
32  500 1234566 0.100 +0.00e+00 +0.00e+00 +0.00e+00  1 0.5   BFGS    2    3 -9.95e-01 -1.11e+00 -4.02e-01 1.243e+02   71.4   68.6  50000 7891016 
32  500 1234566 0.100 +0.00e+00 +0.00e+00 +0.00e+00  2 0.5   BFGS    0   10 -8.49e+00 -9.03e+00 +1.58e+01 5.217e+01  100.0  100.0  50000 7891016 
32  500 1234566 0.100 +0.00e+00 +0.00e+00 +0.00e+00  1 0.5    DFP    2    3 -9.94e-01 -1.11e+00 -4.02e-01 1.243e+02   71.4   68.6  50000 7891016 
32  500 1234566 0.100 +0.00e+00 +0.00e+00 +0.00e+00  2 0.5    DFP    0   10 -8.49e+00 -9.03e+00 +1.58e+01 5.217e+01  100.0  100.0  50000 7891016 
