 r tr_p tr_seed    la     w1(1)     w1(2) ls  c2    sdm iout iter     w*(1)     w*(2)        L* tr_acc te_acc   te_q te_seed
 2  500 1234566 0.000 +0.00e+00 +0.00e+00  1 0.5   BFGS    0    7 -4.40e-03 -4.40e-03 1.250e+02   50.4   50.4  50000 7891016 
 r tr_p tr_seed    la     w1(1)     w1(2) ls  c2    sdm iout iter     w*(1)     w*(2)        L* tr_acc te_acc   te_q te_seed
 2  500 1234566 0.000 +0.00e+00 +0.00e+00  1 0.5     GM    0   13 -4.40e-03 -4.40e-03 1.250e+02   50.4   50.4  50000 7891016 
 r tr_p tr_seed    la     w1(1)     w1(2) ls  c2    sdm iout iter     w*(1)     w*(2)        L* tr_acc te_acc   te_q te_seed
 2  500 1234566 0.000 +0.00e+00 +0.00e+00  1 0.5 CGM-FR    3   35 -4.14e-03 -4.14e-03 1.250e+02   50.4   50.4  50000 7891016 
 r tr_p tr_seed    la     w1(1)     w1(2) ls  c2    sdm iout iter     w*(1)     w*(2)        L* tr_acc te_acc   te_q te_seed
 2  500 1234566 0.000 +0.00e+00 +0.00e+00  2 0.5 CGM-FR    0    3 +5.59e+02 +5.59e+02 2.520e+02   49.6   49.6  50000 7891016 
 r tr_p tr_seed    la     w1(1)     w1(2) ls  c2    sdm iout iter     w*(1)     w*(2)        L* tr_acc te_acc   te_q te_seed
 2  500 1234566 0.000 +0.00e+00 +0.00e+00  2 0.9 CGM-FR    0    3 +5.59e+02 +5.59e+02 2.520e+02   49.6   49.6  50000 7891016 
 r tr_p tr_seed    la     w1(1)     w1(2) ls  c2    sdm iout iter     w*(1)     w*(2)        L* tr_acc te_acc   te_q te_seed
 2  500 1234566 0.000 +0.00e+00 +0.00e+00  1 0.5 CGM-PR    2    2 -4.79e-03 -4.79e-03 1.250e+02   50.4   50.4  50000 7891016 
 r tr_p tr_seed    la     w1(1)     w1(2) ls  c2    sdm iout iter     w*(1)     w*(2)        L* tr_acc te_acc   te_q te_seed
 2  500 1234566 0.000 +0.00e+00 +0.00e+00  2 0.5 CGM-PR    2    2 -4.40e-03 -4.40e-03 1.250e+02   50.4   50.4  50000 7891016 
 r tr_p tr_seed    la     w1(1)     w1(2) ls  c2    sdm iout iter     w*(1)     w*(2)        L* tr_acc te_acc   te_q te_seed
 2  500 1234566 0.000 +0.00e+00 +0.00e+00  1 0.5   BFGS    0    7 -4.40e-03 -4.40e-03 1.250e+02   50.4   50.4  50000 7891016 
 r tr_p tr_seed    la     w1(1)     w1(2) ls  c2    sdm iout iter     w*(1)     w*(2)        L* tr_acc te_acc   te_q te_seed
 2  500 1234566 0.000 +0.00e+00 +0.00e+00  1 0.5    DFP    0    8 -4.40e-03 -4.40e-03 1.250e+02   50.4   50.4  50000 7891016 
 r tr_p tr_seed    la     w1(1)     w1(2) ls  c2    sdm iout iter     w*(1)     w*(2)        L* tr_acc te_acc   te_q te_seed
 2  500 1234566 0.100 +0.00e+00 +0.00e+00  1 0.5     GM    1  101 -4.39e-03 -4.39e-03 1.250e+02   50.4   50.4  50000 7891016 
 r tr_p tr_seed    la     w1(1)     w1(2) ls  c2    sdm iout iter     w*(1)     w*(2)        L* tr_acc te_acc   te_q te_seed
 2  500 1234566 0.100 +0.00e+00 +0.00e+00  2 0.5     GM    0    3 -4.39e-03 -4.39e-03 1.250e+02   50.4   50.4  50000 7891016 
 r tr_p tr_seed    la     w1(1)     w1(2) ls  c2    sdm iout iter     w*(1)     w*(2)        L* tr_acc te_acc   te_q te_seed
 2  500 1234566 0.100 +0.00e+00 +0.00e+00  1 0.5 CGM-FR    1  101 -4.39e-03 -4.39e-03 1.250e+02   50.4   50.4  50000 7891016 
 r tr_p tr_seed    la     w1(1)     w1(2) ls  c2    sdm iout iter     w*(1)     w*(2)        L* tr_acc te_acc   te_q te_seed
 2  500 1234566 0.100 +0.00e+00 +0.00e+00  2 0.5 CGM-FR    0    3 -4.39e-03 -4.39e-03 1.250e+02   50.4   50.4  50000 7891016 
 r tr_p tr_seed    la     w1(1)     w1(2) ls  c2    sdm iout iter     w*(1)     w*(2)        L* tr_acc te_acc   te_q te_seed
 2  500 1234566 0.100 +0.00e+00 +0.00e+00  1 0.5 CGM-PR    2    2 -4.79e-03 -4.79e-03 1.250e+02   50.4   50.4  50000 7891016 
 r tr_p tr_seed    la     w1(1)     w1(2) ls  c2    sdm iout iter     w*(1)     w*(2)        L* tr_acc te_acc   te_q te_seed
 2  500 1234566 0.100 +0.00e+00 +0.00e+00  2 0.5 CGM-PR    2    2 -4.39e-03 -4.39e-03 1.250e+02   50.4   50.4  50000 7891016 
 r tr_p tr_seed    la     w1(1)     w1(2) ls  c2    sdm iout iter     w*(1)     w*(2)        L* tr_acc te_acc   te_q te_seed
 2  500 1234566 0.100 +0.00e+00 +0.00e+00  1 0.5   BFGS    0   16 -4.39e-03 -4.39e-03 1.250e+02   50.4   50.4  50000 7891016 
 r tr_p tr_seed    la     w1(1)     w1(2) ls  c2    sdm iout iter     w*(1)     w*(2)        L* tr_acc te_acc   te_q te_seed
 2  500 1234566 0.100 +0.00e+00 +0.00e+00  2 0.5   BFGS    0    3 -4.39e-03 -4.39e-03 1.250e+02   50.4   50.4  50000 7891016 
 r tr_p tr_seed    la     w1(1)     w1(2) ls  c2    sdm iout iter     w*(1)     w*(2)        L* tr_acc te_acc   te_q te_seed
 2  500 1234566 0.100 +0.00e+00 +0.00e+00  1 0.5    DFP    0    9 -4.39e-03 -4.39e-03 1.250e+02   50.4   50.4  50000 7891016 
 r tr_p tr_seed    la     w1(1)     w1(2) ls  c2    sdm iout iter     w*(1)     w*(2)        L* tr_acc te_acc   te_q te_seed
 2  500 1234566 0.100 +0.00e+00 +0.00e+00  2 0.5    DFP    0    3 -4.39e-03 -4.39e-03 1.250e+02   50.4   50.4  50000 7891016 
 r tr_p tr_seed    la     w1(1)     w1(2) ls  c2    sdm iout iter     w*(1)     w*(2)        L* tr_acc te_acc   te_q te_seed
 2  500 1234566 0.100 +0.00e+00 +0.00e+00  2 0.5    DFP    0    3 -4.39e-03 -4.39e-03 1.250e+02   50.4   50.4  50000 7891016 
 r tr_p tr_seed    la     w1(1)     w1(2)     w1(3) ls  c2    sdm iout iter     w*(1)     w*(2)     w*(3)        L* tr_acc te_acc   te_q te_seed
21  500 1234566 0.000 +0.00e+00 +0.00e+00 +0.00e+00  1 0.5     GM    1  201 -7.67e-02 -2.72e-01 +1.96e-01 1.247e+02   38.6   38.6  50000 7891016 
 r tr_p tr_seed    la     w1(1)     w1(2)     w1(3) ls  c2    sdm iout iter     w*(1)     w*(2)     w*(3)        L* tr_acc te_acc   te_q te_seed
21  500 1234566 0.000 +0.00e+00 +0.00e+00 +0.00e+00  1 0.5     GM    1  501 -7.67e-02 -2.72e-01 +1.96e-01 1.247e+02   38.6   38.6  50000 7891016 
 r tr_p tr_seed    la     w1(1)     w1(2)     w1(3) ls  c2    sdm iout iter     w*(1)     w*(2)     w*(3)        L* tr_acc te_acc   te_q te_seed
21  500 1234566 0.000 +0.00e+00 +0.00e+00 +0.00e+00  1 0.5 CGM-FR    2   72 -7.67e-02 -2.72e-01 +1.96e-01 1.247e+02   38.6   38.6  50000 7891016 
 r tr_p tr_seed    la     w1(1)     w1(2)     w1(3) ls  c2    sdm iout iter     w*(1)     w*(2)     w*(3)        L* tr_acc te_acc   te_q te_seed
21  500 1234566 0.000 +0.00e+00 +0.00e+00 +0.00e+00  1 0.5 CGM-PR    2   32 -7.53e-02 -2.71e-01 +1.93e-01 1.247e+02   38.6   38.6  50000 7891016 
 r tr_p tr_seed    la     w1(1)     w1(2)     w1(3) ls  c2    sdm iout iter     w*(1)     w*(2)     w*(3)        L* tr_acc te_acc   te_q te_seed
21  500 1234566 0.000 +0.00e+00 +0.00e+00 +0.00e+00  2 0.5 CGM-PR    0   38 -7.67e-02 -2.72e-01 +1.96e-01 1.247e+02   38.6   38.6  50000 7891016 
 r tr_p tr_seed    la     w1(1)     w1(2)     w1(3) ls  c2    sdm iout iter     w*(1)     w*(2)     w*(3)        L* tr_acc te_acc   te_q te_seed
21  500 1234566 0.000 +0.00e+00 +0.00e+00 +0.00e+00  1 0.5   BFGS    0   12 -7.67e-02 -2.72e-01 +1.96e-01 1.247e+02   38.6   38.6  50000 7891016 
 r tr_p tr_seed    la     w1(1)     w1(2)     w1(3) ls  c2    sdm iout iter     w*(1)     w*(2)     w*(3)        L* tr_acc te_acc   te_q te_seed
21  500 1234566 0.000 +0.00e+00 +0.00e+00 +0.00e+00  1 0.5     GM    0  424 -2.73e+01 -2.74e+01 +6.72e+01 3.602e-06  100.0  100.0  50000 7891016 
 r tr_p tr_seed    la     w1(1)     w1(2)     w1(3) ls  c2    sdm iout iter     w*(1)     w*(2)     w*(3)        L* tr_acc te_acc   te_q te_seed
21  500 1234566 0.000 +0.00e+00 +0.00e+00 +0.00e+00  1 0.5 CGM-FR    2    9 -3.74e+00 -3.77e+00 +9.79e+00 1.857e+01  100.0  100.0  50000 7891016 
 r tr_p tr_seed    la     w1(1)     w1(2)     w1(3) ls  c2    sdm iout iter     w*(1)     w*(2)     w*(3)        L* tr_acc te_acc   te_q te_seed
21  500 1234566 0.000 +0.00e+00 +0.00e+00 +0.00e+00  2 0.5 CGM-FR    0   68 -2.78e+01 -2.79e+01 +6.85e+01 2.556e-06  100.0  100.0  50000 7891016 
 r tr_p tr_seed    la     w1(1)     w1(2)     w1(3) ls  c2    sdm iout iter     w*(1)     w*(2)     w*(3)        L* tr_acc te_acc   te_q te_seed
21  500 1234566 0.000 +0.00e+00 +0.00e+00 +0.00e+00  1 0.5 CGM-PR    2    6 -5.93e+00 -5.70e+00 +1.39e+01 6.148e+00  100.0  100.0  50000 7891016 
 r tr_p tr_seed    la     w1(1)     w1(2)     w1(3) ls  c2    sdm iout iter     w*(1)     w*(2)     w*(3)        L* tr_acc te_acc   te_q te_seed
21  500 1234566 0.000 +0.00e+00 +0.00e+00 +0.00e+00  2 0.5 CGM-PR    2   31 -1.28e+01 -1.29e+01 +3.17e+01 6.164e-02  100.0  100.0  50000 7891016 
 r tr_p tr_seed    la     w1(1)     w1(2)     w1(3) ls  c2    sdm iout iter     w*(1)     w*(2)     w*(3)        L* tr_acc te_acc   te_q te_seed
21  500 1234566 0.000 +0.00e+00 +0.00e+00 +0.00e+00  1 0.5   BFGS    0   12 -5.72e+01 -4.71e+01 +1.32e+02 4.716e-11  100.0  100.0  50000 7891016 
 r tr_p tr_seed    la     w1(1)     w1(2)     w1(3) ls  c2    sdm iout iter     w*(1)     w*(2)     w*(3)        L* tr_acc te_acc   te_q te_seed
21  500 1234566 0.000 +0.00e+00 +0.00e+00 +0.00e+00  2 0.5   BFGS    0   11 -5.77e+03 -3.83e+03 +9.68e+03 0.000e+00  100.0  100.0  50000 7891016 
 r tr_p tr_seed    la     w1(1)     w1(2)     w1(3) ls  c2    sdm iout iter     w*(1)     w*(2)     w*(3)        L* tr_acc te_acc   te_q te_seed
21  500 1234566 0.000 +0.00e+00 +0.00e+00 +0.00e+00  1 0.5    DFP    0   22 -3.63e+02 -1.97e+02 +7.37e+02 3.923e-36  100.0  100.0  50000 7891016 
 r tr_p tr_seed    la     w1(1)     w1(2)     w1(3) ls  c2    sdm iout iter     w*(1)     w*(2)     w*(3)        L* tr_acc te_acc   te_q te_seed
21  500 1234566 0.000 +0.00e+00 +0.00e+00 +0.00e+00  2 0.5    DFP    0   10 -3.92e+01 -3.26e+01 +8.74e+01 6.285e-08  100.0  100.0  50000 7891016 
 r tr_p tr_seed    la     w1(1)     w1(2)     w1(3) ls  c2    sdm iout iter     w*(1)     w*(2)     w*(3)        L* tr_acc te_acc   te_q te_seed
21  500 1234566 0.100 +0.00e+00 +0.00e+00 +0.00e+00  1 0.5     GM    0  248 -5.36e+00 -5.43e+00 +1.31e+01 1.894e+01  100.0  100.0  50000 7891016 
 r tr_p tr_seed    la     w1(1)     w1(2)     w1(3) ls  c2    sdm iout iter     w*(1)     w*(2)     w*(3)        L* tr_acc te_acc   te_q te_seed
21  500 1234566 0.100 +0.00e+00 +0.00e+00 +0.00e+00  1 0.5 CGM-FR    0  111 -5.36e+00 -5.43e+00 +1.31e+01 1.894e+01  100.0  100.0  50000 7891016 
 r tr_p tr_seed    la     w1(1)     w1(2)     w1(3) ls  c2    sdm iout iter     w*(1)     w*(2)     w*(3)        L* tr_acc te_acc   te_q te_seed
21  500 1234566 0.100 +0.00e+00 +0.00e+00 +0.00e+00  1 0.5 CGM-PR    2    6 -5.09e+00 -4.90e+00 +1.24e+01 1.934e+01  100.0  100.0  50000 7891016 
 r tr_p tr_seed    la     w1(1)     w1(2)     w1(3) ls  c2    sdm iout iter     w*(1)     w*(2)     w*(3)        L* tr_acc te_acc   te_q te_seed
21  500 1234566 0.100 +0.00e+00 +0.00e+00 +0.00e+00  1 0.5   BFGS    0   15 -5.36e+00 -5.43e+00 +1.31e+01 1.894e+01  100.0  100.0  50000 7891016 
 r tr_p tr_seed    la     w1(1)     w1(2)     w1(3) ls  c2    sdm iout iter     w*(1)     w*(2)     w*(3)        L* tr_acc te_acc   te_q te_seed
21  500 1234566 0.100 +0.00e+00 +0.00e+00 +0.00e+00  2 0.5   BFGS    0   14 -5.36e+00 -5.43e+00 +1.31e+01 1.894e+01  100.0  100.0  50000 7891016 
 r tr_p tr_seed    la     w1(1)     w1(2)     w1(3) ls  c2    sdm iout iter     w*(1)     w*(2)     w*(3)        L* tr_acc te_acc   te_q te_seed
21  500 1234566 0.100 +0.00e+00 +0.00e+00 +0.00e+00  1 0.5    DFP    0   16 -5.36e+00 -5.43e+00 +1.31e+01 1.894e+01  100.0  100.0  50000 7891016 
 r tr_p tr_seed    la     w1(1)     w1(2)     w1(3) ls  c2    sdm iout iter     w*(1)     w*(2)     w*(3)        L* tr_acc te_acc   te_q te_seed
21  500 1234566 0.100 +0.00e+00 +0.00e+00 +0.00e+00  2 0.5    DFP    0   10 -5.36e+00 -5.43e+00 +1.31e+01 1.894e+01  100.0  100.0  50000 7891016 
 r tr_p tr_seed    la     w1(1)     w1(2)     w1(3) ls  c2    sdm iout iter     w*(1)     w*(2)     w*(3)        L* tr_acc te_acc   te_q te_seed
21  500 1234566 0.100 +0.00e+00 +0.00e+00 +0.00e+00  2 0.5 CGM-FR    0   61 -5.36e+00 -5.43e+00 +1.31e+01 1.894e+01  100.0  100.0  50000 7891016 
 r tr_p tr_seed    la     w1(1)     w1(2) ls  c2    sdm iout iter     w*(1)     w*(2)        L* tr_acc te_acc   te_q te_seed
 2  500 1234566 0.000 +0.00e+00 +0.00e+00  1 0.5   BFGS    0    7 -4.40e-03 -4.40e-03 1.250e+02   50.4   50.4  50000 7891016 
 r tr_p tr_seed    la     w1(1)     w1(2) ls  c2    sdm iout iter     w*(1)     w*(2)        L* tr_acc te_acc   te_q te_seed
 2  500 1234566 0.100 +0.00e+00 +0.00e+00  1 0.5   BFGS    0   16 -4.39e-03 -4.39e-03 1.250e+02   50.4   50.4  50000 7891016 
